<?xml version="1.0" encoding="UTF-8"?>
<!-- Generated by org.testng.reporters.JUnitReportReporter -->
<testsuite skipped="0" hostname="LAPTOP-IVTCN9H4" name="org.iit.mmp.tests.registrationTests" tests="4" failures="0" timestamp="2020-08-03T15:21:36 CDT" time="51.318" errors="0">
  <testcase name="validateRegistration" time="18.465" classname="org.iit.mmp.tests.registrationTests"/>
  <system-out/>
  <testcase name="validatePatientLoginAlertMessageBeforeApproval" time="9.561" classname="org.iit.mmp.tests.registrationTests"/>
  <system-out/>
  <testcase name="validateAdminLoginAlertMessageAfterApproval" time="13.507" classname="org.iit.mmp.tests.registrationTests"/>
  <system-out/>
  <testcase name="validatePatientLoginAlertMessageAfterApproval" time="9.785" classname="org.iit.mmp.tests.registrationTests"/>
  <system-out/>
</testsuite> <!-- org.iit.mmp.tests.registrationTests -->
